
FILE: ./BK-Base/3.10/OperationGuide/SUMMARY.md
  [✖] Overview/OperatingEnvironment.md
  [✖] Overview/SystemFunctions.md
  [✖] DeploymentDiagram/SystemPhysicalArchitecture.md
  [✖] DeploymentDiagram/SystemExternalInterface.md
  [✖] InstallationGuide/InstallationEnvironment.md
  [✖] DirectoryGuide/Log.md
  [✖] OperationGuide/FAQ/FAQ.md
FILE: ./BK-Base/3.10/SUMMARY.md
  [✖] UserGuide/user-guide/datahub/subscription/FAQ.md
  [✖] UserGuide/user-guide/dataflow/components/source/stream-dim.md
  [✖] UserGuide/user-guide/dataflow/components/source/batch-dim.md
  [✖] UserGuide/user-guide/dataflow/batch-processing/data_window.md
  [✖] UserGuide/user-guide/aiops/model_hosting.md
  [✖] UserGuide/user-guide/datalab/queryengine/es-query/concepts.md
  [✖] UserGuide/user-guide/datalab/queryengine/es-query/full-text-retrieval.md
  [✖] UserGuide/user-guide/datalab/queryengine/sql-query/FAQ.md
FILE: ./BK-Base/3.10/UserGuide/developer/media/develope_visualization.md
  [✖] ../user-guide/user-center/projects.md
  [✖] ../user-guide/auth-management/token.md
  [✖] media/image-20200412182915307.png
FILE: ./BK-Base/3.10/UserGuide/user-guide/aiops/serving/serving.md
  [✖] csource/stream-source.md
FILE: ./BK-Base/3.10/UserGuide/user-guide/auth-management/data.md
  [✖] ./permission
FILE: ./BK-Base/3.10/UserGuide/user-guide/auth-management/permission.md
  [✖] ../../../../%E9%85%8D%E7%BD%AE%E5%B9%B3%E5%8F%B0/%E4%BA%A7%E5%93%81%E7%99%BD%E7%9A%AE%E4%B9%A6/%E4%BA%A7%E5%93%81%E5%8A%9F%E8%83%BD/BusinessManagement.md
FILE: ./BK-Base/3.10/UserGuide/user-guide/auth-management/token.md
  [✖] ../../../../PaaS%E5%B9%B3%E5%8F%B0/%E4%BA%A7%E5%93%81%E7%99%BD%E7%9A%AE%E4%B9%A6/%E4%BA%A7%E5%93%81%E5%8A%9F%E8%83%BD/%E5%BC%80%E5%8F%91%E8%80%85%E6%9C%8D%E5%8A%A1/DevServicesBaseEE.md
FILE: ./BK-Base/3.10/UserGuide/user-guide/dataflow/components/processing/tdw-jar-batch.md
  [✖] ../../tdw.md
FILE: ./BK-Base/3.10/UserGuide/user-guide/dataflow/components/source/tdw-source.md
  [✖] ../../tdw.md
FILE: ./BK-Base/3.10/UserGuide/user-guide/dataflow/components/storage/tdw.md
  [✖] ../../tdw.md
FILE: ./BK-Base/3.10/UserGuide/user-guide/dataflow/process-model.md
  [✖] fu-wu-gong-neng-jie-shao/ge-ren-zhong-xin/wo-de-xiang-mu.md
  [✖] fu-wu-gong-neng-jie-shao/shu-ju-kai-fa/process-model.md
  [✖] ../../assets/process-model/2.jpg
  [✖] ../../assets/process-model/%E4%BC%81%E4%B8%9A%E5%BE%AE%E4%BF%A1%E6%88%AA%E5%9B%BE_15611093733587.png
  [✖] ../../assets/process-model/%E4%BC%81%E4%B8%9A%E5%BE%AE%E4%BF%A1%E6%88%AA%E5%9B%BE_15611094362138.png
  [✖] ../../assets/process-model/%E4%BC%81%E4%B8%9A%E5%BE%AE%E4%BF%A1%E6%88%AA%E5%9B%BE_15613433358893.png
  [✖] ../../assets/process-model/%E4%BC%81%E4%B8%9A%E5%BE%AE%E4%BF%A1%E6%88%AA%E5%9B%BE_15613435771300.png
  [✖] ../../assets/process-model/%E4%BC%81%E4%B8%9A%E5%BE%AE%E4%BF%A1%E6%88%AA%E5%9B%BE_1562899323874.png
  [✖] ../../assets/process-model/%E4%BC%81%E4%B8%9A%E5%BE%AE%E4%BF%A1%E6%88%AA%E5%9B%BE_15592048759994.png
  [✖] ../../assets/process-model/%E4%BC%81%E4%B8%9A%E5%BE%AE%E4%BF%A1%E6%88%AA%E5%9B%BE_15592050837396.png
  [✖] ../../assets/process-model/%E4%BC%81%E4%B8%9A%E5%BE%AE%E4%BF%A1%E6%88%AA%E5%9B%BE_15613436589075.png
  [✖] ../../assets/process-model/%E4%BC%81%E4%B8%9A%E5%BE%AE%E4%BF%A1%E6%88%AA%E5%9B%BE_15613442575239.png
  [✖] ../../assets/process-model/%E4%BC%81%E4%B8%9A%E5%BE%AE%E4%BF%A1%E6%88%AA%E5%9B%BE_15613438679315.png
  [✖] ../../assets/process-model/%E4%BC%81%E4%B8%9A%E5%BE%AE%E4%BF%A1%E6%88%AA%E5%9B%BE_15613440959219.png
  [✖] ../../assets/process-model/%E4%BC%81%E4%B8%9A%E5%BE%AE%E4%BF%A1%E6%88%AA%E5%9B%BE_15592075418697.png
  [✖] ../../assets/process-model/%E4%BC%81%E4%B8%9A%E5%BE%AE%E4%BF%A1%E6%88%AA%E5%9B%BE_1559207877107.png
  [✖] ../../assets/process-model/%E4%BC%81%E4%B8%9A%E5%BE%AE%E4%BF%A1%E6%88%AA%E5%9B%BE_15595286374572.png
  [✖] ../../assets/process-model/%E4%BC%81%E4%B8%9A%E5%BE%AE%E4%BF%A1%E6%88%AA%E5%9B%BE_15613472926464.png
  [✖] ../../assets/process-model/%E4%BC%81%E4%B8%9A%E5%BE%AE%E4%BF%A1%E6%88%AA%E5%9B%BE_15595308956270.png
  [✖] ../../assets/process-model/%E4%BC%81%E4%B8%9A%E5%BE%AE%E4%BF%A1%E6%88%AA%E5%9B%BE_1559530840834.png
  [✖] ../../assets/process-model/%E4%BC%81%E4%B8%9A%E5%BE%AE%E4%BF%A1%E6%88%AA%E5%9B%BE_15613473273089.png
  [✖] ../../assets/process-model/%E4%BC%81%E4%B8%9A%E5%BE%AE%E4%BF%A1%E6%88%AA%E5%9B%BE_15613473631921.png
  [✖] ../../assets/process-model/%E4%BC%81%E4%B8%9A%E5%BE%AE%E4%BF%A1%E6%88%AA%E5%9B%BE_15613475432369.png
  [✖] ../../assets/process-model/%E4%BC%81%E4%B8%9A%E5%BE%AE%E4%BF%A1%E6%88%AA%E5%9B%BE_15613476064158.png
  [✖] ../../assets/process-model/%E4%BC%81%E4%B8%9A%E5%BE%AE%E4%BF%A1%E6%88%AA%E5%9B%BE_1561358034907.png
  [✖] ../../assets/process-model/%E4%BC%81%E4%B8%9A%E5%BE%AE%E4%BF%A1%E6%88%AA%E5%9B%BE_15613601521359.png
  [✖] ../../assets/process-model/%E4%BC%81%E4%B8%9A%E5%BE%AE%E4%BF%A1%E6%88%AA%E5%9B%BE_15613601852898.png
  [✖] ../../assets/process-model/%E4%BC%81%E4%B8%9A%E5%BE%AE%E4%BF%A1%E6%88%AA%E5%9B%BE_15613615291728.png
  [✖] ../../assets/process-model/%E4%BC%81%E4%B8%9A%E5%BE%AE%E4%BF%A1%E6%88%AA%E5%9B%BE_1561361546383.png
FILE: ./BK-Base/3.10/UserGuide/user-guide/dataflow/sdk/flink-streaming-sdk.md
  [✖] ../../../assets/dataflow/flink_streaming_sdk_overview.png
  [✖] ../../../assets/dataflow/flink_streaming_sdk_node.png
  [✖] ../../../assets/dataflow/flink_streaming_sdk_output.png
  [✖] ../../../assets/dataflow/flink_streaming_sdk_advanced.png
  [✖] ../../../assets/dataflow/flink_streaming_sdk_example1_node.png
  [✖] ../../../assets/dataflow/flink_streaming_sdk_example1_output.png
  [✖] ../../../assets/dataflow/flink_streaming_sdk_example1_intput.png
  [✖] ../../../assets/dataflow/flink_streaming_sdk_example.png
  [✖] ../../../assets/dataflow/flink_streaming_args.png
  [✖] ../../../assets/dataflow/flink_streaming_sdk_project_example.png
  [✖] ../../../assets/dataflow/flink_streaming_sdk_args.png
  [✖] ../../../assets/dataflow/flink_streaming_sdk_sql_example_output.png
FILE: ./BK-Base/3.10/UserGuide/user-guide/datahub/data-access/concepts.md
  [✖] ./database/concepts.md
FILE: ./BK-Base/3.10/UserGuide/user-guide/datahub/data-access/database/mongodb/mongodb.md
  [✖] ../../../datalab/queryengine/sql-query/concepts.md
  [✖] ../../../dataflow/components/source/batch-source.md
  [✖] ../../../dataflow/components/source/batch-dim.md
FILE: ./BK-Base/3.10/UserGuide/user-guide/datahub/data-access/database/mysql/FAQ.md
  [✖] ../custom/concepts.md
FILE: ./BK-Base/3.10/UserGuide/user-guide/datahub/data-access/shell-script/concepts.md
  [✖] ../../../../assets/click_debug_script.png
  [✖] ../../../../assets/wait_debug_script.png
  [✖] ../../../../assets/debug_success_script.png
  [✖] ../../../../assets/debug_error_script.png
  [✖] ../../../../assets/new_script_access.png
FILE: ./BK-Base/3.10/UserGuide/user-guide/datahub/data-access/shell-script/detail.md
  [✖] ../../../../assets/access_log_script.png
FILE: ./BK-Base/3.10/UserGuide/user-guide/datahub/data-access/tdbank/concepts.md
  [✖] ./tdbank-query.md
FILE: ./BK-Base/3.10/UserGuide/user-guide/datahub/data-access/tdbank/detail.md
  [✖] ../../../../assets/access_tdbank_config.png
  [✖] ../../../../assets/access_log_tdw.png
  [✖] ../../../../assets/access_history_tdw.png
FILE: ./BK-Base/3.10/UserGuide/user-guide/datahub/data-access/tdw/detail.md
  [✖] ../../../../assets/access_scope_tdw.png
  [✖] ../../../../assets/access_log_tdw.png
  [✖] ../../../../assets/access_history_tdw.png
FILE: ./BK-Base/3.10/UserGuide/user-guide/datahub/data-access/tglog/tlog.md
  [✖] ../log/datail.md
FILE: ./BK-Base/3.10/UserGuide/user-guide/datalab/bksql/dql.md
  [✖] https://dev.mysql.com/doc/refman/5.6/en/functions.html
FILE: ./BK-Base/3.10/UserGuide/user-guide/datalab/es-query/concepts.md
  [✖] ../../../assets/datalab/es_default_query.png
  [✖] ../../../assets/datalab/es_query.png
FILE: ./BK-Base/3.10/UserGuide/user-guide/datalab/notebook/mlsql/mlsql.md
  [✖] #MLSQL%E7%AE%80%E4%BB%8B
  [✖] #show%E8%AF%AD%E5%8F%A5
  [✖] #train%E8%AF%AD%E5%8F%A5
  [✖] #run%E8%AF%AD%E5%8F%A5
  [✖] #drop%E8%AF%AD%E5%8F%A5
  [✖] #truncate%E8%AF%AD%E5%8F%A5
  [✖] #dct
FILE: ./BK-Base/3.10/UserGuide/user-guide/datalab/subscription/concepts.md
  [✖] http://bkee-1252002024.file.myqcloud.com/bkdata/queue_client_python-1.1.3-py2.py3-none-any.whl
  [✖] http://bkee-1252002024.file.myqcloud.com/bkdata/queue-client-java-1.0.5-jar-with-dependencies.jar
FILE: ./BK-Base/3.10/UserGuide/user-guide/datamarket/data-model/concepts.md
  [✖] ../../../README.md
FILE: ./BK-Base/3.10/UserGuide/user-guide/datamarket/data-model/quickstart.md
  [✖] ../../datalab/queryengine/sql-query/concepts.md
FILE: ./BK-Base/3.10/UserGuide/user-guide/dataview/grafana_practice.md
  [✖] https://grafana.com/docs/grafana/latest/panels/panels-overview/
FILE: ./BK-Base/3.9/Operation/SUMMARY.md
  [✖] Overview/OperatingEnvironment.md
  [✖] Overview/SystemFunctions.md
  [✖] DeploymentDiagram/SystemPhysicalArchitecture.md
  [✖] DeploymentDiagram/SystemExternalInterface.md
  [✖] InstallationGuide/InstallationEnvironment.md
  [✖] DirectoryGuide/Log.md
  [✖] OperationGuide/FAQ/FAQ.md
FILE: ./BK-Base/3.9/SUMMARY.md
  [✖] UserGuide/user-guide/datahub/subscription/FAQ.md
  [✖] UserGuide/user-guide/dataflow/components/source/stream-dim.md
  [✖] UserGuide/user-guide/dataflow/components/source/batch-dim.md
  [✖] UserGuide/user-guide/dataflow/batch-processing/data_window.md
  [✖] UserGuide/user-guide/aiops/model_hosting.md
  [✖] ArchitectureGuide/SUMMARY.md
  [✖] OperationGuide/SUMMARY.md
FILE: ./BK-Base/3.9/UserGuide/developer/media/develope_visualization.md
  [✖] ../user-guide/user-center/projects.md
  [✖] ../user-guide/auth-management/token.md
  [✖] media/image-20200412182915307.png
FILE: ./BK-Base/3.9/UserGuide/user-guide/aiops/serving/serving.md
  [✖] csource/stream-source.md
FILE: ./BK-Base/3.9/UserGuide/user-guide/auth-management/data.md
  [✖] ./permission
FILE: ./BK-Base/3.9/UserGuide/user-guide/auth-management/permission.md
  [✖] ../../../../%E9%85%8D%E7%BD%AE%E5%B9%B3%E5%8F%B0/%E4%BA%A7%E5%93%81%E7%99%BD%E7%9A%AE%E4%B9%A6/%E4%BA%A7%E5%93%81%E5%8A%9F%E8%83%BD/BusinessManagement.md
FILE: ./BK-Base/3.9/UserGuide/user-guide/auth-management/token.md
  [✖] ../../../../PaaS%E5%B9%B3%E5%8F%B0/%E4%BA%A7%E5%93%81%E7%99%BD%E7%9A%AE%E4%B9%A6/%E4%BA%A7%E5%93%81%E5%8A%9F%E8%83%BD/%E5%BC%80%E5%8F%91%E8%80%85%E6%9C%8D%E5%8A%A1/DevServicesBaseEE.md
FILE: ./BK-Base/3.9/UserGuide/user-guide/dataflow/components/processing/tdw-batch.md
  [✖] ../../tdw.md
FILE: ./BK-Base/3.9/UserGuide/user-guide/dataflow/components/processing/tdw-jar-batch.md
  [✖] ../../tdw.md
FILE: ./BK-Base/3.9/UserGuide/user-guide/dataflow/components/source/tdw-source.md
  [✖] ../../tdw.md
FILE: ./BK-Base/3.9/UserGuide/user-guide/dataflow/components/storage/tdw.md
  [✖] ../../tdw.md
FILE: ./BK-Base/3.9/UserGuide/user-guide/dataflow/process-model.md
  [✖] fu-wu-gong-neng-jie-shao/ge-ren-zhong-xin/wo-de-xiang-mu.md
  [✖] fu-wu-gong-neng-jie-shao/shu-ju-kai-fa/process-model.md
FILE: ./BK-Base/3.9/UserGuide/user-guide/dataflow/sdk/flink-streaming-sdk.md
  [✖] ../../../assets/dataflow/flink_streaming_sdk_overview.png
  [✖] ../../../assets/dataflow/flink_streaming_sdk_node.png
  [✖] ../../../assets/dataflow/flink_streaming_sdk_output.png
  [✖] ../../../assets/dataflow/flink_streaming_sdk_advanced.png
  [✖] ../../../assets/dataflow/flink_streaming_sdk_example1_node.png
  [✖] ../../../assets/dataflow/flink_streaming_sdk_example1_output.png
  [✖] ../../../assets/dataflow/flink_streaming_sdk_example1_intput.png
  [✖] ../../../assets/dataflow/flink_streaming_sdk_example.png
  [✖] ../../../assets/dataflow/flink_streaming_args.png
  [✖] ../../../assets/dataflow/flink_streaming_sdk_project_example.png
  [✖] ../../../assets/dataflow/flink_streaming_sdk_args.png
  [✖] ../../../assets/dataflow/flink_streaming_sdk_sql_example_output.png
FILE: ./BK-Base/3.9/UserGuide/user-guide/datahub/data-access/concepts.md
  [✖] ./database/concepts.md
FILE: ./BK-Base/3.9/UserGuide/user-guide/datahub/data-access/database/mongodb/mongodb.md
  [✖] ../../../datalab/queryengine/sql-query/concepts.md
  [✖] ../../../dataflow/components/source/batch-source.md
  [✖] ../../../dataflow/components/source/batch-dim.md
FILE: ./BK-Base/3.9/UserGuide/user-guide/datahub/data-access/database/mysql/FAQ.md
  [✖] ../custom/concepts.md
FILE: ./BK-Base/3.9/UserGuide/user-guide/datahub/data-access/tdbank/concepts.md
  [✖] ./tdbank-query.md
FILE: ./BK-Base/3.9/UserGuide/user-guide/datahub/data-access/tglog/tlog.md
  [✖] ../log/datail.md
FILE: ./BK-Base/3.9/UserGuide/user-guide/datalab/bksql/dql.md
  [✖] https://dev.mysql.com/doc/refman/5.6/en/functions.html
FILE: ./BK-Base/3.9/UserGuide/user-guide/datalab/es-query/concepts.md
  [✖] ../../../assets/datalab/es_default_query.png
  [✖] ../../../assets/datalab/es_query.png
FILE: ./BK-Base/3.9/UserGuide/user-guide/datalab/notebook/mlsql/mlsql.md
  [✖] #MLSQL%E7%AE%80%E4%BB%8B
  [✖] #show%E8%AF%AD%E5%8F%A5
  [✖] #train%E8%AF%AD%E5%8F%A5
  [✖] #run%E8%AF%AD%E5%8F%A5
  [✖] #drop%E8%AF%AD%E5%8F%A5
  [✖] #truncate%E8%AF%AD%E5%8F%A5
  [✖] #dct
FILE: ./BK-Base/3.9/UserGuide/user-guide/datalab/queryengine/sql-query/bksql.md
  [✖] https://dev.mysql.com/doc/refman/5.6/en/functions.html
FILE: ./BK-Base/3.9/UserGuide/user-guide/datalab/subscription/concepts.md
  [✖] http://bkee-1252002024.file.myqcloud.com/bkdata/queue_client_python-1.1.3-py2.py3-none-any.whl
  [✖] http://bkee-1252002024.file.myqcloud.com/bkdata/queue-client-java-1.0.5-jar-with-dependencies.jar
FILE: ./BK-Base/3.9/UserGuide/user-guide/datamarket/data-model/concepts.md
  [✖] ../../../README.md
FILE: ./BK-Base/3.9/UserGuide/user-guide/dataview/grafana_practice.md
  [✖] https://grafana.com/docs/grafana/latest/panels/panels-overview/



FILE: ./CMDB/3.10/APIDocs/cc/zh-hans/search_classifications.md
  [✖] resource_define/classIcon.json
FILE: ./CMDB/3.10/APIDocs/cc/zh-hans/search_objects.md
  [✖] /static/esb/api_docs/res/cc/modleIcon.json
FILE: ./CMDB/3.10/APIDocs/cc/zh-hans/update_classification.md
  [✖] resource_define/classIcon.json
FILE: ./CMDB/3.10/APIDocs/cc/zh-hans/update_object.md
  [✖] /static/esb/api_docs/res/cc/modleIcon.json
FILE: ./CMDB/3.2/APIDocs/CC/create_classification.md
  [✖] resource_define/classIcon.json
FILE: ./CMDB/3.2/APIDocs/CC/create_object.md
  [✖] /static/esb/api_docs/res/cc/modleIcon.json

FILE: ./CMDB/3.9/APIDocs/cc/zh-hans/search_classifications.md
  [✖] resource_define/classIcon.json
FILE: ./CMDB/3.9/APIDocs/cc/zh-hans/search_objects.md
  [✖] /static/esb/api_docs/res/cc/modleIcon.json
FILE: ./CMDB/3.9/APIDocs/cc/zh-hans/update_classification.md
  [✖] resource_define/classIcon.json
FILE: ./CMDB/3.9/APIDocs/cc/zh-hans/update_object.md
  [✖] /static/esb/api_docs/res/cc/modleIcon.json




FILE: ./DeploymentGuides/6.0/产品白皮书/quick_install_v6.0.2.md
  [✖] ../%E7%8E%AF%E5%A2%83%E5%87%86%E5%A4%87/get_ready.md
  [✖] http://paas.bktencent.com
  [✖] ../../../../%E5%BF%AB%E9%80%9F%E5%85%A5%E9%97%A8/quick-start-v6.0-info.md
  [✖] ../../assets/login.png
  [✖] ../../assets/paas_home.png
FILE: ./DeploymentGuides/6.0/产品白皮书/升级指引/update_of_the_6.0.5_patch.md
  [✖] ../../../%E7%89%88%E6%9C%AC%E6%97%A5%E5%BF%97/v6005.md
FILE: ./DeploymentGuides/6.0/产品白皮书/升级指引/update_v6/update_v6.0.3.md
  [✖] https://bkopen-1252002024.file.myqcloud.com/ce/bkce_src-6.0.3.tgz
FILE: ./DeploymentGuides/6.0/产品白皮书/基础包安装/单机部署/install_on_single_host.md
  [✖] ../../../../%E5%BF%AB%E9%80%9F%E5%85%A5%E9%97%A8/quick-start-v6.0-info.md
FILE: ./DeploymentGuides/6.0/产品白皮书/基础包安装/多机部署/detail_install.md
  [✖] ../../../../%E5%BF%AB%E9%80%9F%E5%85%A5%E9%97%A8/quick-start-v6.0-info.md
FILE: ./DeploymentGuides/6.0/产品白皮书/基础包安装/多机部署/quick_install.md
  [✖] http://paas.bktencent.com
  [✖] ../../../../%E5%BF%AB%E9%80%9F%E5%85%A5%E9%97%A8/quick-start-v6.0-info.md
FILE: ./DeploymentGuides/6.0/产品白皮书/基础包安装/多机部署/value_added.md
  [✖] ../../../../%E5%BF%AB%E9%80%9F%E5%85%A5%E9%97%A8/quick-start-v6.0-monitor.md
FILE: ./DeploymentGuides/6.0/产品白皮书/增强包安装/部署安装/BCS-start.md
  [✖] ../../../../%E8%8A%82%E7%82%B9%E7%AE%A1%E7%90%86/%E4%BA%A7%E5%93%81%E7%99%BD%E7%9A%AE%E4%B9%A6/QuickStart/DefaultAreaInstallAgent.md
  [✖] http://bcs.bktencent.com
FILE: ./DeploymentGuides/6.0/产品白皮书/增强包安装/部署安装/BCS-V2.md
  [✖] http://bcs.bktencent.com
FILE: ./DeploymentGuides/6.0/产品白皮书/增强包安装/部署安装/CI-start.md
  [✖] ../../../../%E6%8C%81%E7%BB%AD%E9%9B%86%E6%88%90%E5%B9%B3%E5%8F%B0/%E4%BA%A7%E5%93%81%E7%99%BD%E7%9A%AE%E4%B9%A6/Quickstarts/Create-your-first-pipeline.md
  [✖] ../../../../%E6%8C%81%E7%BB%AD%E9%9B%86%E6%88%90%E5%B9%B3%E5%8F%B0/%E4%BA%A7%E5%93%81%E7%99%BD%E7%9A%AE%E4%B9%A6/%E4%BA%A7%E5%93%81%E7%AE%80%E4%BB%8B/README.md
FILE: ./DeploymentGuides/6.0/产品白皮书/增强包安装/部署安装/CI-V2.md
  [✖] http://bk-ci.service.consul/console/
FILE: ./DeploymentGuides/6.0/产品白皮书/增强包维护/蓝盾/Overload_service.md
  [✖] ./Service-mgr.md
FILE: ./DeploymentGuides/6.0/产品白皮书/增强包维护/蓝盾/Restart_service.md
  [✖] ./Service-mgr.md
FILE: ./DeploymentGuides/6.0/产品白皮书/增强包维护/蓝盾/Service_status.md
  [✖] ./Service-mgr.md
FILE: ./DeploymentGuides/6.0/产品白皮书/增强包维护/蓝盾/Service_status_bulk.md
  [✖] ./Service-mgr.md
FILE: ./DeploymentGuides/6.0/产品白皮书/增强包维护/蓝盾/Stop_service.md
  [✖] ./Service-mgr.md
FILE: ./DeploymentGuides/6.0/产品白皮书/维护手册/日常维护/change_domain.md
  [✖] ../../../../%E7%BD%91%E7%BB%9C%E7%AE%A1%E7%90%86/%E6%97%A5%E5%B8%B8%E7%BB%B4%E6%8A%A4/change_domain.md
FILE: ./DeploymentGuides/6.0/产品白皮书/维护手册/日常维护/change_http_port.md
  [✖] http://paas.bktencent.com
FILE: ./DeploymentGuides/6.0/产品白皮书/维护手册/日常维护/gse_proxy.md
  [✖] http://paas.bktencent.com/o/bk_nodeman/#/global-config/gse-config
  [✖] http://paas.bktencent.com/o/bk_nodeman/#/cloud-manager
FILE: ./DeploymentGuides/6.0/产品白皮书/维护手册/日常维护/mysql.md
  [✖] https://www.mysql.com/
  [✖] https://dev.mysql.com/doc/mysql-installation-excerpt/5.7/en/linux-installation-rpm.html
  [✖] https://dev.mysql.com/doc/refman/5.7/en/using-systemd.html#systemd-multiple-mysql-instances
  [✖] https://dev.mysql.com/doc/refman/5.7/en/mysql-config-editor.html
  [✖] https://dev.mysql.com/doc/refman/5.7/en/server-system-variables.html




#没有文件，待补充
FILE: ./DeploymentGuides/6.1/产品白皮书/增强包维护/蓝盾/Overload_service.md
  [✖] ./Service-mgr.md
FILE: ./DeploymentGuides/6.1/产品白皮书/增强包维护/蓝盾/Restart_service.md
  [✖] ./Service-mgr.md
FILE: ./DeploymentGuides/6.1/产品白皮书/增强包维护/蓝盾/Service_status.md
  [✖] ./Service-mgr.md
FILE: ./DeploymentGuides/6.1/产品白皮书/增强包维护/蓝盾/Service_status_bulk.md
  [✖] ./Service-mgr.md
FILE: ./DeploymentGuides/6.1/产品白皮书/增强包维护/蓝盾/Stop_service.md
  [✖] ./Service-mgr.md





FILE: ./DeploymentGuides/7.0/beginners_guide.md
  [✖] https://charts.bitnami.com/bitnami
  [✖] https://hub.bktencent.com/chartrepo/blueking
FILE: ./DeploymentGuides/7.0/how-to-upgrade-from-v6.1.md
  [✖] how-to-transformate-saas-from-paasv2.md




FILE: ./DevelopGuide/7.0/DevSpecification/BackendDevStandards/CodeSpec/CodeSubmissionSpec.md
  [✖] https://lintlyci.github.io/Flake8Rules/
FILE: ./DevelopGuide/7.0/DevSpecification/BackendDevStandards/DBSpec/Mysql.md
  [✖] https://dev.mysql.com/doc/refman/8.0/en/keywords.html
FILE: ./DevelopGuide/7.0/DevSpecification/FrontendDevSpec/MobileSpec/RealMachineDebug.md
  [✖] http://local.whistlejs.com
FILE: ./DevelopGuide/7.0/DevSpecification/FrontendDevSpec/PerformanceOpti/Vuejs.md
  [✖] https://cn.vuejs.org/v2/guide/components-dynamic-async.html
FILE: ./DevelopGuide/7.0/DevSpecification/FrontendDevSpec/SecurityCheck/Web.md
  [✖] https://cn.vuejs.org/v2/guide/security.html#Vue-%E7%9A%84%E5%AE%89%E5%85%A8%E6%8E%AA%E6%96%BD



#文件缺失
FILE: ./DevelopGuide/7.0/DevSpecification/SUMMARY.md
  [✖] BackendDevStandards/BestPractices/pre-commit/README.md
  [✖] BackendDevStandards/BestPractices/2to3/README.md





FILE: ./Devops/1.7/SUMMARY.md
  [✖] %E4%BA%A7%E5%93%81%E7%99%BD%E7%9A%AE%E4%B9%A6/Services/Pipeline/pipeline-matrix-job.md
FILE: ./Devops/1.7/产品白皮书/Quickstarts/create-pipeline-by-template.md
  [✖] ../assets/pipeline-create-by-template.png
  [✖] ../assets/pipeline-create-by-template-1.png
  [✖] ../assets/pipeline_constraint_create.png
  [✖] ../assets/pipeline_instances_list.png
FILE: ./Devops/1.7/产品白皮书/Services/Console.md
  [✖] Repos/repos-list.md
FILE: ./Devops/1.7/产品白皮书/Services/Pipeline/pipeline-edit-guide/gui.md
  [✖] ../../../.gitbook/assets/image%20%2850%29.png
  [✖] ../../../.gitbook/assets/image%20%2849%29.png
FILE: ./Devops/1.7/产品白皮书/Services/Pipeline/pipeline-edit-guide/README.md
  [✖] ../../../overview/learn-pipeline-in-5-min.md
  [✖] ../pipeline-build-history.md
  [✖] ../../../.gitbook/assets/image%20%2811%29.png
FILE: ./Devops/1.7/产品白皮书/Services/Pipeline/pipeline-edit.md
  [✖] /pipeline-triggers/pipeline-trigger-remote.md
FILE: ./Devops/1.7/产品白皮书/Services/Pipeline/pipeline-variables/README.md
  [✖] ../../../reference/pre-define-var/
  [✖] ../../../.gitbook/assets/image-variables-global-vars-view.png
FILE: ./Devops/1.7/产品白皮书/Services/Store/plugins/plugin-custom-ui.md
  [✖] http://localhost:8001/
  [✖] http://local.xx.com:8001/?projectId=abc
FILE: ./Devops/1.7/产品白皮书/Services/Store/plugins/plugin-specification.md
  [✖] plugin_output.md
FILE: ./Devops/1.7/产品白皮书/Services/Store/plugins/upload-plugin.md
  [✖] create-plugin/
  [✖] ../../services/pools/self-hosted-agents/prepara-agent.md
  [✖] ../../.gitbook/assets/image%20%2821%29.png
  [✖] ../../.gitbook/assets/image.png
  [✖] ../../.gitbook/assets/image%20%2836%29.png
  [✖] ../../.gitbook/assets/image%20%2828%29.png
  [✖] ../../.gitbook/assets/image%20%289%29.png
  [✖] ../../.gitbook/assets/image%20%2829%29.png




FILE: ./Devops/2.0/UserGuide/Developer/plugins/plugin-dev-standard/plugin-custom-ui.md
  [✖] http://localhost:8001/
  [✖] http://local.xx.com:8001/?projectId=abc
FILE: ./Devops/2.0/UserGuide/intro/Hpage.md
  [✖] ../Services/Store/plugins/upload-plugin.md
  [✖] ../Services/Pools/build-source.md


FILE: ./Devops/2.0/UserGuide/Quickstarts/Case/Examples/create-pipeline-by-template.md
  [✖] ../Services/Store/start-new-template.md
  [✖] ../../assets/pipeline-create-by-template.png
  [✖] ../../assets/pipeline-create-by-template-1.png
  [✖] ../../assets/pipeline_constraint_create.png
  [✖] ../../assets/pipeline_instances_list.png


FILE: ./Devops/2.0/UserGuide/Services/Pipeline/pipeline-edit-guide/pipeline-matrix-job.md
  [✖] ../../../Concepts/Variables.md
FILE: ./Devops/2.0/UserGuide/Services/Pipeline/pipeline-history.md
  [✖] ../Console.md
  [✖] pipeline-edit.md
FILE: ./Devops/2.0/UserGuide/Services/Pipeline/pipeline-list.md
  [✖] ../Console.md
  [✖] ./pipeline-edit-guide/README.md
FILE: ./Devops/2.0/UserGuide/Services/Pools/agent-detail.md
  [✖] ../../../assets/image%20%2834%29.png
  [✖] ../../../assets/image%20%2820%29.png
FILE: ./Devops/2.0/UserGuide/Services/Pools/self-hosted-agents/windows-agent.md
  [✖] prepara-agent.md
FILE: ./Devops/2.0/UserGuide/Services/Ticket/ticket-list.md
  [✖] ../Store/release-new-image.md
FILE: ./Devops/2.0/UserGuide/Setup/bkci-gui-ge-yao-qiu/README.md
  [✖] ../../Services/Pipeline/Pools/self-hosted-agents/prepara-agent.md
FILE: ./Devops/2.0/UserGuide/Setup/run-bkci-in-one-docker.md
  [✖] http://devops.bktencent.com/
FILE: ./Devops/2.0/UserGuide/Setup/system-requirements/system.md
  [✖] ../../Services/Pipeline/Pools/self-hosted-agents/prepara-agent.md
FILE: ./Devops/6.0/产品白皮书/Quickstarts/create-pipeline-by-template.md
  [✖] ../assets/pipeline-create-by-template.png
  [✖] ../assets/pipeline-create-by-template-1.png
  [✖] ../assets/pipeline_constraint_create.png
  [✖] ../assets/pipeline_instances_list.png
FILE: ./Devops/6.0/产品白皮书/Services/Console.md
  [✖] Repos/repos-list.md
FILE: ./Devops/6.0/产品白皮书/Services/Store/plugins/plugin-custom-ui.md
  [✖] http://localhost:8001/
  [✖] http://local.xx.com:8001/?projectId=abc
FILE: ./Devops/6.0/产品白皮书/Services/Store/plugins/plugin-specification.md
  [✖] plugin_output.md
FILE: ./Devops/6.0/产品白皮书/Services/Store/plugins/upload-plugin.md
  [✖] create-plugin/
  [✖] ../../services/pools/self-hosted-agents/prepara-agent.md
  [✖] ../../.gitbook/assets/image%20%2821%29.png
  [✖] ../../.gitbook/assets/image.png
  [✖] ../../.gitbook/assets/image%20%2836%29.png
  [✖] ../../.gitbook/assets/image%20%2828%29.png
  [✖] ../../.gitbook/assets/image%20%289%29.png
  [✖] ../../.gitbook/assets/image%20%2829%29.png
FILE: ./DocumentationContributorGuide/7.0/collaborateguide.md
  [✖] https://github.com/TencentBlueKing/support-docs/
FILE: ./DocumentationContributorGuide/7.0/rules.md
  [✖] xx/xx.md



FILE: ./FTA/5.2/产品白皮书/FAQ/Notice_Channel.md
  [✖] ../assets/14955241327247.jpg
FILE: ./FTA/5.2/产品白皮书/functions/Bkmonitor_Alarm_processing_automation.md
  [✖] ../../../%E9%85%8D%E7%BD%AE%E5%B9%B3%E5%8F%B0/%E4%BA%A7%E5%93%81%E7%99%BD%E7%9A%AE%E4%B9%A6/%E5%9C%BA%E6%99%AF%E6%A1%88%E4%BE%8B/CMDB_management_hosts.md
  [✖] ../../../%E9%85%8D%E7%BD%AE%E5%B9%B3%E5%8F%B0/%E4%BA%A7%E5%93%81%E7%99%BD%E7%9A%AE%E4%B9%A6/%E5%9C%BA%E6%99%AF%E6%A1%88%E4%BE%8B/CMDB_management_process.md
  [✖] ../../../%E7%9B%91%E6%8E%A7%E5%B9%B3%E5%8F%B0/%E4%BA%A7%E5%93%81%E7%99%BD%E7%9A%AE%E4%B9%A6/quickstart/README.md
FILE: ./FTA/5.2/产品白皮书/functions/Integrated_Bkmonitor.md
  [✖] media/16052403954195.jpg
  [✖] media/16052403427660.jpg
  [✖] ../assets/15360307801229.jpg
  [✖] ../assets/15360309257591.jpg
  [✖] ../assets/15381399772317.jpg
  [✖] ../assets/15381400080731.jpg
FILE: ./FTA/5.2/产品白皮书/functions/Integrated_RestAPI_Push.md
  [✖] ../assets/15381412682846.jpg
  [✖] ../assets/15381413719557.jpg
  [✖] ../assets/15381415072533.jpg
  [✖] ../assets/15381417577227.jpg
  [✖] ../assets/15381421775104.jpg
  [✖] ../assets/15381425835734.jpg
  [✖] ../assets/15381426254105.jpg
  [✖] ../assets/15381428250121.jpg
  [✖] ../assets/15381429910417.jpg
FILE: ./FTA/5.2/产品白皮书/functions/Integrated_Tencent_Cloud.md
  [✖] ../assets/14955047240702.jpg
  [✖] ../assets/14955048096192.jpg
  [✖] ../assets/14949454396797.jpg
FILE: ./FTA/5.2/产品白皮书/functions/Integrated_Zabbix.md
  [✖] ../assets/15060385121293.jpg
  [✖] ../assets/15060403024197.png
  [✖] ../assets/15060403626099.jpg
  [✖] ../assets/15060409949390.jpg
  [✖] ../assets/15060403778865.jpg
  [✖] ../assets/15060407047244.jpg
  [✖] ../assets/15060408193567.jpg
  [✖] ../assets/15060409189531.jpg
  [✖] ../assets/15060131567224.jpg
FILE: ./FTA/5.2/产品白皮书/functions/Package_Recommendation.md
  [✖] ../assets/15360319016507.jpg
  [✖] ../assets/Package_recommendation_02.png
FILE: ./FTA/5.2/产品白皮书/functions/REST_API_PUSH_Alarm_processing_automation.md
  [✖] ../../../%E9%85%8D%E7%BD%AE%E5%B9%B3%E5%8F%B0/%E4%BA%A7%E5%93%81%E7%99%BD%E7%9A%AE%E4%B9%A6/%E5%9C%BA%E6%99%AF%E6%A1%88%E4%BE%8B/CMDB_management_hosts.md
FILE: ./FTA/5.2/产品白皮书/functions/Zabbix_Alarm_processing_automation.md
  [✖] ../../../%E9%85%8D%E7%BD%AE%E5%B9%B3%E5%8F%B0/%E4%BA%A7%E5%93%81%E7%99%BD%E7%9A%AE%E4%B9%A6/%E5%9C%BA%E6%99%AF%E6%A1%88%E4%BE%8B/CMDB_management_hosts.md
FILE: ./FTA/5.2/产品白皮书/guide/Combination_Solution.md
  [✖] ../assets/14955228844734.jpg
  [✖] ../assets/14955229063739.jpg
FILE: ./FTA/5.2/产品白皮书/guide/Context_Parameters.md
  [✖] ../../../%E4%BD%9C%E4%B8%9A%E5%B9%B3%E5%8F%B0/%E4%BA%A7%E5%93%81%E7%99%BD%E7%9A%AE%E4%B9%A6/Best-Practices/How-to-pass-params-through-steps.md
FILE: ./FTA/5.2/产品白皮书/guide/Early_warning_Self_healing.md
  [✖] ../assets/14955236702912.jpg
  [✖] ../assets/14955091745764.jpg
